D:\TEST\BIRD\ASSISTANT\DEBUG\MOUSEHOOK.DLL
D:\TEST\bird\assistant\Debug\MouseHook.exp
D:\TEST\BIRD\ASSISTANT\DEBUG\MOUSEHOOK.ILK
D:\TEST\bird\assistant\Debug\MouseHook.lib
D:\TEST\BIRD\ASSISTANT\DEBUG\MOUSEHOOK.PDB
D:\TEST\bird\assistant\MouseHook\Debug\cl.command.1.tlog
D:\TEST\bird\assistant\MouseHook\Debug\CL.read.1.tlog
D:\TEST\bird\assistant\MouseHook\Debug\CL.write.1.tlog
D:\TEST\bird\assistant\MouseHook\Debug\link.command.1.tlog
D:\TEST\bird\assistant\MouseHook\Debug\link.read.1.tlog
D:\TEST\bird\assistant\MouseHook\Debug\link.write.1.tlog
D:\TEST\bird\assistant\MouseHook\Debug\link-cvtres.read.1.tlog
D:\TEST\bird\assistant\MouseHook\Debug\link-cvtres.write.1.tlog
D:\TEST\BIRD\ASSISTANT\MOUSEHOOK\DEBUG\MOUSEHOOK.DLL.EMBED.MANIFEST
D:\TEST\BIRD\ASSISTANT\MOUSEHOOK\DEBUG\MOUSEHOOK.DLL.EMBED.MANIFEST.RES
D:\TEST\BIRD\ASSISTANT\MOUSEHOOK\DEBUG\MOUSEHOOK.DLL.INTERMEDIATE.MANIFEST
D:\TEST\BIRD\ASSISTANT\MOUSEHOOK\DEBUG\MOUSEHOOK.OBJ
D:\TEST\BIRD\ASSISTANT\MOUSEHOOK\DEBUG\MOUSEHOOK.PCH
D:\TEST\BIRD\ASSISTANT\MOUSEHOOK\DEBUG\MOUSEHOOK.RES
D:\TEST\bird\assistant\MouseHook\Debug\MouseHook.write.1.tlog
D:\TEST\bird\assistant\MouseHook\Debug\MouseHook_manifest.rc
D:\TEST\bird\assistant\MouseHook\Debug\mt.command.1.tlog
D:\TEST\bird\assistant\MouseHook\Debug\mt.read.1.tlog
D:\TEST\bird\assistant\MouseHook\Debug\mt.write.1.tlog
D:\TEST\bird\assistant\MouseHook\Debug\rc.command.1.tlog
D:\TEST\bird\assistant\MouseHook\Debug\rc.read.1.tlog
D:\TEST\bird\assistant\MouseHook\Debug\rc.write.1.tlog
D:\TEST\BIRD\ASSISTANT\MOUSEHOOK\DEBUG\STDAFX.OBJ
D:\TEST\bird\assistant\MouseHook\Debug\vc100.idb
D:\TEST\BIRD\ASSISTANT\MOUSEHOOK\DEBUG\VC100.PDB
