生成启动时间为 2018/3/2 星期五 15:25:29。
     1>项目“D:\TEST\bird\assistant\MouseHook\MouseHook.vcxproj”在节点 3 上(rebuild 个目标)。
     1>_PrepareForClean:
         正在删除文件“Debug\MouseHook.lastbuildstate”。
       InitializeBuildStatus:
         正在创建“Debug\MouseHook.unsuccessfulbuild”，因为已指定“AlwaysCreate”。
       ClCompile:
         d:\Microsoft Visual Studio 10.0\VC\bin\CL.exe /c /ZI /nologo /W3 /WX- /Od /Oy- /D WIN32 /D _WINDOWS /D _DEBUG /D _USRDLL /D _WINDLL /D _UNICODE /D UNICODE /Gm /EHsc /RTC1 /MTd /GS /fp:precise /Zc:wchar_t /Zc:forScope /Yc"StdAfx.h" /Fp"Debug\MouseHook.pch" /Fo"Debug\\" /Fd"Debug\vc100.pdb" /Gd /TP /analyze- /errorReport:prompt stdafx.cpp
         stdafx.cpp
         d:\Microsoft Visual Studio 10.0\VC\bin\CL.exe /c /ZI /nologo /W3 /WX- /Od /Oy- /D WIN32 /D _WINDOWS /D _DEBUG /D _USRDLL /D _WINDLL /D _UNICODE /D UNICODE /Gm /EHsc /RTC1 /MTd /GS /fp:precise /Zc:wchar_t /Zc:forScope /Yu"StdAfx.h" /Fp"Debug\MouseHook.pch" /Fo"Debug\\" /Fd"Debug\vc100.pdb" /Gd /TP /analyze- /errorReport:prompt MouseHook.cpp
         MouseHook.cpp
       ResourceCompile:
         C:\Program Files (x86)\Microsoft SDKs\Windows\v7.0A\bin\rc.exe /D _DEBUG /D _UNICODE /D UNICODE /l"0x0804" /IDebug\ /nologo /fo"Debug\MouseHook.res" MouseHook.rc 
       ManifestResourceCompile:
         C:\Program Files (x86)\Microsoft SDKs\Windows\v7.0A\bin\rc.exe /nologo /fo"Debug\MouseHook.dll.embed.manifest.res" Debug\MouseHook_manifest.rc 
       Link:
         d:\Microsoft Visual Studio 10.0\VC\bin\link.exe /ERRORREPORT:PROMPT /OUT:"D:\TEST\bird\assistant\Debug\MouseHook.dll" /INCREMENTAL /NOLOGO /DEF:".\MouseHook.def" /MANIFEST /ManifestFile:"Debug\MouseHook.dll.intermediate.manifest" /MANIFESTUAC:"level='asInvoker' uiAccess='false'" /DEBUG /PDB:"D:\TEST\bird\assistant\Debug\MouseHook.pdb" /SUBSYSTEM:WINDOWS /TLBID:1 /DYNAMICBASE /NXCOMPAT /IMPLIB:"D:\TEST\bird\assistant\Debug\MouseHook.lib" /MACHINE:X86 /DLL Debug\MouseHook.res
         Debug\MouseHook.dll.embed.manifest.res
         Debug\MouseHook.obj
         Debug\stdafx.obj
            正在创建库 D:\TEST\bird\assistant\Debug\MouseHook.lib 和对象 D:\TEST\bird\assistant\Debug\MouseHook.exp
       Manifest:
         正在删除文件“Debug\MouseHook.dll.embed.manifest”。
         C:\Program Files (x86)\Microsoft SDKs\Windows\v7.0A\bin\mt.exe /nologo /verbose /out:"Debug\MouseHook.dll.embed.manifest" /manifest Debug\MouseHook.dll.intermediate.manifest "d:\Microsoft Visual Studio 10.0\VC\Include\Manifest\dpiaware.manifest"
         C:\Program Files (x86)\Microsoft SDKs\Windows\v7.0A\bin\rc.exe /nologo /fo"Debug\MouseHook.dll.embed.manifest.res" Debug\MouseHook_manifest.rc 
       LinkEmbedManifest:
         d:\Microsoft Visual Studio 10.0\VC\bin\link.exe /ERRORREPORT:PROMPT /OUT:"D:\TEST\bird\assistant\Debug\MouseHook.dll" /INCREMENTAL /NOLOGO /DEF:".\MouseHook.def" /MANIFEST /ManifestFile:"Debug\MouseHook.dll.intermediate.manifest" /MANIFESTUAC:"level='asInvoker' uiAccess='false'" /DEBUG /PDB:"D:\TEST\bird\assistant\Debug\MouseHook.pdb" /SUBSYSTEM:WINDOWS /TLBID:1 /DYNAMICBASE /NXCOMPAT /IMPLIB:"D:\TEST\bird\assistant\Debug\MouseHook.lib" /MACHINE:X86 /DLL Debug\MouseHook.res
         Debug\MouseHook.dll.embed.manifest.res
         Debug\MouseHook.obj
         Debug\stdafx.obj
         MouseHook.vcxproj -> D:\TEST\bird\assistant\Debug\MouseHook.dll
       FinalizeBuildStatus:
         正在删除文件“Debug\MouseHook.unsuccessfulbuild”。
         正在对“Debug\MouseHook.lastbuildstate”执行 Touch 任务。
     1>已完成生成项目“D:\TEST\bird\assistant\MouseHook\MouseHook.vcxproj”(rebuild 个目标)的操作。

生成成功。

已用时间 00:00:04.71
