生成启动时间为 2018/3/2 星期五 15:25:29。
     1>项目“D:\TEST\bird\assistant\DrowScreen\DrowScreen.vcxproj”在节点 2 上(rebuild 个目标)。
     1>_PrepareForClean:
         正在删除文件“Debug\DrowScreen.lastbuildstate”。
       InitializeBuildStatus:
         正在创建“Debug\DrowScreen.unsuccessfulbuild”，因为已指定“AlwaysCreate”。
       ClCompile:
         d:\Microsoft Visual Studio 10.0\VC\bin\CL.exe /c /ZI /nologo /W3 /WX- /Od /Oy- /D WIN32 /D _WINDOWS /D _DEBUG /D _UNICODE /D UNICODE /Gm /EHsc /RTC1 /MTd /GS /fp:precise /Zc:wchar_t /Zc:forScope /Yc"StdAfx.h" /Fp"Debug\DrowScreen.pch" /Fo"Debug\\" /Fd"Debug\vc100.pdb" /Gd /TP /analyze- /errorReport:prompt stdafx.cpp
         stdafx.cpp
         d:\Microsoft Visual Studio 10.0\VC\bin\CL.exe /c /ZI /nologo /W3 /WX- /Od /Oy- /D WIN32 /D _WINDOWS /D _DEBUG /D _UNICODE /D UNICODE /Gm /EHsc /RTC1 /MTd /GS /fp:precise /Zc:wchar_t /Zc:forScope /Yu"StdAfx.h" /Fp"Debug\DrowScreen.pch" /Fo"Debug\\" /Fd"Debug\vc100.pdb" /Gd /TP /analyze- /errorReport:prompt DrowScreen.cpp DrowScreenDlg.cpp
         DrowScreenDlg.cpp
         DrowScreen.cpp
         正在生成代码...
       ResourceCompile:
         C:\Program Files (x86)\Microsoft SDKs\Windows\v7.0A\bin\rc.exe /D _DEBUG /D _UNICODE /D UNICODE /l"0x0804" /IDebug\ /nologo /fo"Debug\DrowScreen.res" DrowScreen.rc 
       ManifestResourceCompile:
         C:\Program Files (x86)\Microsoft SDKs\Windows\v7.0A\bin\rc.exe /nologo /fo"Debug\DrowScreen.exe.embed.manifest.res" Debug\DrowScreen_manifest.rc 
       Link:
         d:\Microsoft Visual Studio 10.0\VC\bin\link.exe /ERRORREPORT:PROMPT /OUT:"D:\TEST\bird\assistant\Debug\DrowScreen.exe" /INCREMENTAL /NOLOGO /MANIFEST /ManifestFile:"Debug\DrowScreen.exe.intermediate.manifest" /MANIFESTUAC:"level='asInvoker' uiAccess='false'" /DEBUG /PDB:"D:\TEST\bird\assistant\Debug\DrowScreen.pdb" /SUBSYSTEM:WINDOWS /TLBID:1 /ENTRY:"wWinMainCRTStartup" /DYNAMICBASE /NXCOMPAT /IMPLIB:"D:\TEST\bird\assistant\Debug\DrowScreen.lib" /MACHINE:X86 Debug\DrowScreen.res
         Debug\DrowScreen.exe.embed.manifest.res
         Debug\DrowScreen.obj
         Debug\DrowScreenDlg.obj
         Debug\stdafx.obj
       Manifest:
         正在删除文件“Debug\DrowScreen.exe.embed.manifest”。
         C:\Program Files (x86)\Microsoft SDKs\Windows\v7.0A\bin\mt.exe /nologo /verbose /out:"Debug\DrowScreen.exe.embed.manifest" /manifest Debug\DrowScreen.exe.intermediate.manifest "d:\Microsoft Visual Studio 10.0\VC\Include\Manifest\dpiaware.manifest"
         C:\Program Files (x86)\Microsoft SDKs\Windows\v7.0A\bin\rc.exe /nologo /fo"Debug\DrowScreen.exe.embed.manifest.res" Debug\DrowScreen_manifest.rc 
       LinkEmbedManifest:
         d:\Microsoft Visual Studio 10.0\VC\bin\link.exe /ERRORREPORT:PROMPT /OUT:"D:\TEST\bird\assistant\Debug\DrowScreen.exe" /INCREMENTAL /NOLOGO /MANIFEST /ManifestFile:"Debug\DrowScreen.exe.intermediate.manifest" /MANIFESTUAC:"level='asInvoker' uiAccess='false'" /DEBUG /PDB:"D:\TEST\bird\assistant\Debug\DrowScreen.pdb" /SUBSYSTEM:WINDOWS /TLBID:1 /ENTRY:"wWinMainCRTStartup" /DYNAMICBASE /NXCOMPAT /IMPLIB:"D:\TEST\bird\assistant\Debug\DrowScreen.lib" /MACHINE:X86 Debug\DrowScreen.res
         Debug\DrowScreen.exe.embed.manifest.res
         Debug\DrowScreen.obj
         Debug\DrowScreenDlg.obj
         Debug\stdafx.obj
         DrowScreen.vcxproj -> D:\TEST\bird\assistant\Debug\DrowScreen.exe
       FinalizeBuildStatus:
         正在删除文件“Debug\DrowScreen.unsuccessfulbuild”。
         正在对“Debug\DrowScreen.lastbuildstate”执行 Touch 任务。
     1>已完成生成项目“D:\TEST\bird\assistant\DrowScreen\DrowScreen.vcxproj”(rebuild 个目标)的操作。

生成成功。

已用时间 00:00:06.57
