D:\TEST\BIRD\ASSISTANT\DEBUG\DROWSCREEN.EXE
D:\TEST\BIRD\ASSISTANT\DEBUG\DROWSCREEN.ILK
D:\TEST\BIRD\ASSISTANT\DEBUG\DROWSCREEN.PDB
D:\TEST\bird\assistant\DrowScreen\Debug\cl.command.1.tlog
D:\TEST\bird\assistant\DrowScreen\Debug\CL.read.1.tlog
D:\TEST\bird\assistant\DrowScreen\Debug\CL.write.1.tlog
D:\TEST\BIRD\ASSISTANT\DROWSCREEN\DEBUG\DROWSCREEN.EXE.EMBED.MANIFEST
D:\TEST\BIRD\ASSISTANT\DROWSCREEN\DEBUG\DROWSCREEN.EXE.EMBED.MANIFEST.RES
D:\TEST\BIRD\ASSISTANT\DROWSCREEN\DEBUG\DROWSCREEN.EXE.INTERMEDIATE.MANIFEST
D:\TEST\BIRD\ASSISTANT\DROWSCREEN\DEBUG\DROWSCREEN.OBJ
D:\TEST\BIRD\ASSISTANT\DROWSCREEN\DEBUG\DROWSCREEN.PCH
D:\TEST\BIRD\ASSISTANT\DROWSCREEN\DEBUG\DROWSCREEN.RES
D:\TEST\bird\assistant\DrowScreen\Debug\DrowScreen.write.1.tlog
D:\TEST\bird\assistant\DrowScreen\Debug\DrowScreen_manifest.rc
D:\TEST\BIRD\ASSISTANT\DROWSCREEN\DEBUG\DROWSCREENDLG.OBJ
D:\TEST\bird\assistant\DrowScreen\Debug\link.command.1.tlog
D:\TEST\bird\assistant\DrowScreen\Debug\link.read.1.tlog
D:\TEST\bird\assistant\DrowScreen\Debug\link.write.1.tlog
D:\TEST\bird\assistant\DrowScreen\Debug\link-cvtres.read.1.tlog
D:\TEST\bird\assistant\DrowScreen\Debug\link-cvtres.write.1.tlog
D:\TEST\bird\assistant\DrowScreen\Debug\mt.command.1.tlog
D:\TEST\bird\assistant\DrowScreen\Debug\mt.read.1.tlog
D:\TEST\bird\assistant\DrowScreen\Debug\mt.write.1.tlog
D:\TEST\bird\assistant\DrowScreen\Debug\rc.command.1.tlog
D:\TEST\bird\assistant\DrowScreen\Debug\rc.read.1.tlog
D:\TEST\bird\assistant\DrowScreen\Debug\rc.write.1.tlog
D:\TEST\BIRD\ASSISTANT\DROWSCREEN\DEBUG\STDAFX.OBJ
D:\TEST\bird\assistant\DrowScreen\Debug\vc100.idb
D:\TEST\BIRD\ASSISTANT\DROWSCREEN\DEBUG\VC100.PDB
